Connecting to database specified by database.yml
  [1m[36mSpree::Preference Load (3.8ms)[0m  [1mSELECT "spree_preferences".* FROM "spree_preferences" WHERE "spree_preferences"."key" = 'spree/app_configuration/currency' LIMIT 1[0m
  [1m[35mSpree::Preference Load (0.4ms)[0m  SELECT "spree_preferences".* FROM "spree_preferences" WHERE "spree_preferences"."key" = 'spree/app_configuration/override_actionmailer_config' LIMIT 1
  [1m[36mSpree::Preference Load (0.3ms)[0m  [1mSELECT "spree_preferences".* FROM "spree_preferences" WHERE "spree_preferences"."key" = 'spree/app_configuration/enable_mail_delivery' LIMIT 1[0m
  [1m[35mSpree::Preference Load (0.4ms)[0m  SELECT "spree_preferences".* FROM "spree_preferences" WHERE "spree_preferences"."key" = 'spree/app_configuration/use_s3' LIMIT 1
  [1m[36m (0.1ms)[0m  [1mBEGIN[0m
  [1m[35m (0.9ms)[0m  UPDATE "spree_preferences" SET "value" = 't', "value_type" = 'boolean', "updated_at" = '2013-08-17 08:15:38.838375' WHERE "spree_preferences"."id" = 11
  [1m[36m (0.3ms)[0m  [1mCOMMIT[0m
  [1m[35mSpree::Preference Load (0.4ms)[0m  SELECT "spree_preferences".* FROM "spree_preferences" WHERE "spree_preferences"."key" = 'spree/app_configuration/s3_bucket' LIMIT 1
  [1m[36m (0.1ms)[0m  [1mBEGIN[0m
  [1m[35m (0.4ms)[0m  UPDATE "spree_preferences" SET "value_type" = 'string', "updated_at" = '2013-08-17 08:15:38.855415' WHERE "spree_preferences"."id" = 12
  [1m[36m (0.3ms)[0m  [1mCOMMIT[0m
  [1m[35mSpree::Preference Load (0.5ms)[0m  SELECT "spree_preferences".* FROM "spree_preferences" WHERE "spree_preferences"."key" = 'spree/app_configuration/s3_access_key' LIMIT 1
  [1m[36m (0.1ms)[0m  [1mBEGIN[0m
  [1m[35m (0.3ms)[0m  UPDATE "spree_preferences" SET "value_type" = 'string', "updated_at" = '2013-08-17 08:15:38.865356' WHERE "spree_preferences"."id" = 13
  [1m[36m (0.3ms)[0m  [1mCOMMIT[0m
  [1m[35mSpree::Preference Load (0.4ms)[0m  SELECT "spree_preferences".* FROM "spree_preferences" WHERE "spree_preferences"."key" = 'spree/app_configuration/s3_secret' LIMIT 1
  [1m[36m (0.1ms)[0m  [1mBEGIN[0m
  [1m[35m (0.3ms)[0m  UPDATE "spree_preferences" SET "value_type" = 'string', "updated_at" = '2013-08-17 08:15:38.872875' WHERE "spree_preferences"."id" = 14
  [1m[36m (0.3ms)[0m  [1mCOMMIT[0m
  [1m[35mSpree::Preference Load (0.5ms)[0m  SELECT "spree_preferences".* FROM "spree_preferences" WHERE "spree_preferences"."key" = 'spree/app_configuration/layout' LIMIT 1
  [1m[36m (0.1ms)[0m  [1mBEGIN[0m
  [1m[35m (0.3ms)[0m  UPDATE "spree_preferences" SET "value_type" = 'string', "updated_at" = '2013-08-17 08:15:38.882341' WHERE "spree_preferences"."id" = 15
  [1m[36m (0.3ms)[0m  [1mCOMMIT[0m
OpenIdAuthentication.store is nil. Using in-memory store.
Creating scope :page. Overwriting existing method Spree::LineItem.page.
Creating scope :page. Overwriting existing method Spree::OptionValue.page.
Creating scope :page. Overwriting existing method Spree::Order.page.
Creating scope :page. Overwriting existing method Spree::User.page.
Creating scope :page. Overwriting existing method Spree::Role.page.
  [1m[35mSpree::Preference Load (0.2ms)[0m  SELECT "spree_preferences".* FROM "spree_preferences" WHERE "spree_preferences"."key" = 'spree/app_configuration/allow_ssl_in_development_and_test' LIMIT 1
Creating scope :page. Overwriting existing method Spree::Asset.page.
  [1m[36mSpree::Preference Load (0.4ms)[0m  [1mSELECT "spree_preferences".* FROM "spree_preferences" WHERE "spree_preferences"."key" = 'spree/app_configuration/s3_headers' LIMIT 1[0m
  [1m[35mSpree::Preference Load (0.4ms)[0m  SELECT "spree_preferences".* FROM "spree_preferences" WHERE "spree_preferences"."key" = 'spree/app_configuration/s3_protocol' LIMIT 1
  [1m[36mSpree::Preference Load (0.3ms)[0m  [1mSELECT "spree_preferences".* FROM "spree_preferences" WHERE "spree_preferences"."key" = 'spree/app_configuration/s3_host_alias' LIMIT 1[0m
  [1m[35mSpree::Preference Load (0.2ms)[0m  SELECT "spree_preferences".* FROM "spree_preferences" WHERE "spree_preferences"."key" = 'spree/app_configuration/attachment_styles' LIMIT 1
  [1m[36mSpree::Preference Load (0.3ms)[0m  [1mSELECT "spree_preferences".* FROM "spree_preferences" WHERE "spree_preferences"."key" = 'spree/app_configuration/attachment_path' LIMIT 1[0m
  [1m[35mSpree::Preference Load (1.1ms)[0m  SELECT "spree_preferences".* FROM "spree_preferences" WHERE "spree_preferences"."key" = 'spree/app_configuration/attachment_url' LIMIT 1
  [1m[36mSpree::Preference Load (1.1ms)[0m  [1mSELECT "spree_preferences".* FROM "spree_preferences" WHERE "spree_preferences"."key" = 'spree/app_configuration/attachment_default_url' LIMIT 1[0m
  [1m[35mSpree::Preference Load (0.3ms)[0m  SELECT "spree_preferences".* FROM "spree_preferences" WHERE "spree_preferences"."key" = 'spree/app_configuration/attachment_default_style' LIMIT 1
Creating scope :page. Overwriting existing method User.page.
Creating scope :page. Overwriting existing method Spree::PromotionRule.page.


Started GET "/blog" for 127.0.0.1 at 2013-08-17 02:16:00 -0600
Creating scope :page. Overwriting existing method Post.page.
Processing by PostsController#index as HTML
  [1m[36mPost Load (3.4ms)[0m  [1mSELECT "posts".* FROM "posts" WHERE (published_at < '2013-08-17 08:16:00.737846') ORDER BY posts.published_at DESC LIMIT 15[0m
Creating scope :page. Overwriting existing method Tagging.page.
Creating scope :page. Overwriting existing method Tag.page.
  [1m[35mTagging Load (1.9ms)[0m  SELECT "taggings".* FROM "taggings" WHERE "taggings"."taggable_id" IN (37, 36, 38, 35, 34, 31, 33, 32, 28, 27, 26, 23, 25, 22, 21)
  [1m[36mTag Load (1.0ms)[0m  [1mSELECT "tags".* FROM "tags" WHERE "tags"."id" IN (5, 6, 7, 8, 9, 11, 12, 13, 14, 15)[0m
Compiled main_style.css  (125ms)  (pid 46846)
Compiled jquery.fancybox.css  (0ms)  (pid 46846)
  Rendered shared/blog/_head.html.haml (154.9ms)
  Rendered shared/social_sharing/_share_facebook_link.html.haml (2.0ms)
  Rendered shared/social_sharing/_tweet_link.html.haml (1.7ms)
  Rendered shared/social_sharing/_share_linkedin.html.haml (2.5ms)
  Rendered posts/_post.html.haml (22.6ms)
  Rendered shared/social_sharing/_share_facebook_link.html.haml (0.4ms)
  Rendered shared/social_sharing/_tweet_link.html.haml (0.4ms)
  Rendered shared/social_sharing/_share_linkedin.html.haml (0.4ms)
  Rendered posts/_post.html.haml (8.4ms)
  Rendered shared/social_sharing/_share_facebook_link.html.haml (0.4ms)
  Rendered shared/social_sharing/_tweet_link.html.haml (0.2ms)
  Rendered shared/social_sharing/_share_linkedin.html.haml (0.2ms)
  Rendered posts/_post.html.haml (6.7ms)
  Rendered shared/social_sharing/_share_facebook_link.html.haml (0.4ms)
  Rendered shared/social_sharing/_tweet_link.html.haml (0.4ms)
  Rendered shared/social_sharing/_share_linkedin.html.haml (0.4ms)
  Rendered posts/_post.html.haml (9.5ms)
  Rendered shared/social_sharing/_share_facebook_link.html.haml (0.4ms)
  Rendered shared/social_sharing/_tweet_link.html.haml (0.4ms)
  Rendered shared/social_sharing/_share_linkedin.html.haml (0.4ms)
  Rendered posts/_post.html.haml (8.5ms)
  Rendered shared/social_sharing/_share_facebook_link.html.haml (0.4ms)
  Rendered shared/social_sharing/_tweet_link.html.haml (0.4ms)
  Rendered shared/social_sharing/_share_linkedin.html.haml (0.4ms)
  Rendered posts/_post.html.haml (8.3ms)
  Rendered shared/social_sharing/_share_facebook_link.html.haml (0.3ms)
  Rendered shared/social_sharing/_tweet_link.html.haml (0.2ms)
  Rendered shared/social_sharing/_share_linkedin.html.haml (0.4ms)
  Rendered posts/_post.html.haml (7.2ms)
  Rendered shared/social_sharing/_share_facebook_link.html.haml (0.3ms)
  Rendered shared/social_sharing/_tweet_link.html.haml (0.3ms)
  Rendered shared/social_sharing/_share_linkedin.html.haml (0.3ms)
  Rendered posts/_post.html.haml (7.7ms)
  Rendered shared/social_sharing/_share_facebook_link.html.haml (0.4ms)
  Rendered shared/social_sharing/_tweet_link.html.haml (0.3ms)
  Rendered shared/social_sharing/_share_linkedin.html.haml (0.4ms)
  Rendered posts/_post.html.haml (8.6ms)
  Rendered shared/social_sharing/_share_facebook_link.html.haml (0.4ms)
  Rendered shared/social_sharing/_tweet_link.html.haml (0.3ms)
  Rendered shared/social_sharing/_share_linkedin.html.haml (0.4ms)
  Rendered posts/_post.html.haml (8.9ms)
  Rendered shared/social_sharing/_share_facebook_link.html.haml (0.3ms)
  Rendered shared/social_sharing/_tweet_link.html.haml (0.2ms)
  Rendered shared/social_sharing/_share_linkedin.html.haml (0.2ms)
  Rendered posts/_post.html.haml (6.4ms)
  Rendered shared/social_sharing/_share_facebook_link.html.haml (0.3ms)
  Rendered shared/social_sharing/_tweet_link.html.haml (0.2ms)
  Rendered shared/social_sharing/_share_linkedin.html.haml (0.3ms)
  Rendered posts/_post.html.haml (6.7ms)
  Rendered shared/social_sharing/_share_facebook_link.html.haml (0.3ms)
  Rendered shared/social_sharing/_tweet_link.html.haml (0.3ms)
  Rendered shared/social_sharing/_share_linkedin.html.haml (0.4ms)
  Rendered posts/_post.html.haml (7.7ms)
  Rendered shared/social_sharing/_share_facebook_link.html.haml (0.3ms)
  Rendered shared/social_sharing/_tweet_link.html.haml (0.3ms)
  Rendered shared/social_sharing/_share_linkedin.html.haml (0.4ms)
  Rendered posts/_post.html.haml (7.9ms)
  Rendered shared/social_sharing/_share_facebook_link.html.haml (0.3ms)
  Rendered shared/social_sharing/_tweet_link.html.haml (0.3ms)
  Rendered shared/social_sharing/_share_linkedin.html.haml (0.3ms)
  Rendered posts/_post.html.haml (7.9ms)
  Rendered posts/index.html.haml within layouts/application (388.7ms)
Compiled jquery-1.10.2.min.js  (0ms)  (pid 46846)
Compiled jquery_ujs.js  (0ms)  (pid 46846)
Compiled common.js  (0ms)  (pid 46846)
Compiled live-comment-preview.js  (0ms)  (pid 46846)
Compiled jquery.fancybox.pack.js  (0ms)  (pid 46846)
Compiled application.js  (117ms)  (pid 46846)
Completed 200 OK in 952ms (Views: 575.8ms | ActiveRecord: 13.2ms)
Connecting to database specified by database.yml
  [1m[36mSpree::Preference Load (116.7ms)[0m  [1mSELECT "spree_preferences".* FROM "spree_preferences" WHERE "spree_preferences"."key" = 'spree/app_configuration/use_s3' LIMIT 1[0m
  [1m[35m (0.1ms)[0m  BEGIN
  [1m[36m (0.7ms)[0m  [1mUPDATE "spree_preferences" SET "value" = 't', "value_type" = 'boolean', "updated_at" = '2013-08-17 08:41:13.636737' WHERE "spree_preferences"."id" = 11[0m
  [1m[35m (0.3ms)[0m  COMMIT
  [1m[36mSpree::Preference Load (0.3ms)[0m  [1mSELECT "spree_preferences".* FROM "spree_preferences" WHERE "spree_preferences"."key" = 'spree/app_configuration/s3_bucket' LIMIT 1[0m
  [1m[35m (0.1ms)[0m  BEGIN
  [1m[36m (0.3ms)[0m  [1mUPDATE "spree_preferences" SET "value_type" = 'string', "updated_at" = '2013-08-17 08:41:13.654001' WHERE "spree_preferences"."id" = 12[0m
  [1m[35m (0.2ms)[0m  COMMIT
  [1m[36mSpree::Preference Load (0.4ms)[0m  [1mSELECT "spree_preferences".* FROM "spree_preferences" WHERE "spree_preferences"."key" = 'spree/app_configuration/s3_access_key' LIMIT 1[0m
  [1m[35m (0.1ms)[0m  BEGIN
  [1m[36m (0.2ms)[0m  [1mUPDATE "spree_preferences" SET "value_type" = 'string', "updated_at" = '2013-08-17 08:41:13.661532' WHERE "spree_preferences"."id" = 13[0m
  [1m[35m (0.2ms)[0m  COMMIT
  [1m[36mSpree::Preference Load (0.3ms)[0m  [1mSELECT "spree_preferences".* FROM "spree_preferences" WHERE "spree_preferences"."key" = 'spree/app_configuration/s3_secret' LIMIT 1[0m
  [1m[35m (0.1ms)[0m  BEGIN
  [1m[36m (0.2ms)[0m  [1mUPDATE "spree_preferences" SET "value_type" = 'string', "updated_at" = '2013-08-17 08:41:13.667878' WHERE "spree_preferences"."id" = 14[0m
  [1m[35m (0.2ms)[0m  COMMIT
  [1m[36mSpree::Preference Load (0.4ms)[0m  [1mSELECT "spree_preferences".* FROM "spree_preferences" WHERE "spree_preferences"."key" = 'spree/app_configuration/layout' LIMIT 1[0m
  [1m[35m (0.1ms)[0m  BEGIN
  [1m[36m (0.4ms)[0m  [1mUPDATE "spree_preferences" SET "value_type" = 'string', "updated_at" = '2013-08-17 08:41:13.675831' WHERE "spree_preferences"."id" = 15[0m
  [1m[35m (0.3ms)[0m  COMMIT
OpenIdAuthentication.store is nil. Using in-memory store.
Creating scope :page. Overwriting existing method Spree::LineItem.page.
Creating scope :page. Overwriting existing method Spree::OptionValue.page.
Creating scope :page. Overwriting existing method Spree::Order.page.
Creating scope :page. Overwriting existing method Spree::User.page.
Creating scope :page. Overwriting existing method Spree::Role.page.
Creating scope :page. Overwriting existing method Spree::Asset.page.
  [1m[36mSpree::Preference Load (0.2ms)[0m  [1mSELECT "spree_preferences".* FROM "spree_preferences" WHERE "spree_preferences"."key" = 'spree/app_configuration/s3_protocol' LIMIT 1[0m
  [1m[35mSpree::Preference Load (0.1ms)[0m  SELECT "spree_preferences".* FROM "spree_preferences" WHERE "spree_preferences"."key" = 'spree/app_configuration/s3_host_alias' LIMIT 1
Creating scope :page. Overwriting existing method User.page.
Creating scope :page. Overwriting existing method Spree::PromotionRule.page.
