Connecting to database specified by database.yml
Creating scope :page. Overwriting existing method Spree::Calculator.page.
Creating scope :page. Overwriting existing method Spree::Preference.page.
Creating scope :page. Overwriting existing method Spree::PaymentMethod.page.
Creating scope :page. Overwriting existing method Spree::Activator.page.
Creating scope :page. Overwriting existing method Spree::PromotionAction.page.
OpenIdAuthentication.store is nil. Using in-memory store.
Creating scope :page. Overwriting existing method Spree::LineItem.page.
Creating scope :page. Overwriting existing method Spree::OptionValue.page.
Creating scope :page. Overwriting existing method Spree::Order.page.
Creating scope :page. Overwriting existing method Spree::User.page.
Creating scope :page. Overwriting existing method Spree::Role.page.
Creating scope :page. Overwriting existing method Spree::Asset.page.
Creating scope :page. Overwriting existing method User.page.
Creating scope :page. Overwriting existing method Spree::PromotionRule.page.
Compiled jquery.js  (1ms)  (pid 46328)
Compiled jquery_ujs.js  (0ms)  (pid 46328)
Compiled jquery.livequery.js  (0ms)  (pid 46328)
Compiled jquery.form.js  (0ms)  (pid 46328)
Compiled jquery.easing.1.3.js  (0ms)  (pid 46328)
Compiled humanmsg.js  (0ms)  (pid 46328)
Compiled admin/actions.js  (0ms)  (pid 46328)
Compiled jquery-migrate-1.0.0.js  (0ms)  (pid 46328)
Compiled jquery-ui.js  (52ms)  (pid 46328)
Compiled modernizr.js  (0ms)  (pid 46328)
Compiled jquery.cookie.js  (0ms)  (pid 46328)
Compiled jquery.delayedobserver.js  (0ms)  (pid 46328)
Compiled jquery.jstree/jquery.jstree.js  (59ms)  (pid 46328)
Compiled jquery.alerts/jquery.alerts.js  (0ms)  (pid 46328)
Compiled jquery.powertip.js  (0ms)  (pid 46328)
Compiled jquery.vAlign.js  (0ms)  (pid 46328)
Compiled css_browser_selector_dev.js  (0ms)  (pid 46328)
Compiled spin.js  (0ms)  (pid 46328)
Compiled trunk8.js  (0ms)  (pid 46328)
Compiled jquery.adaptivemenu.js  (0ms)  (pid 46328)
Compiled equalize.js  (0ms)  (pid 46328)
Compiled responsive-tables.js  (0ms)  (pid 46328)
Compiled jquery.horizontalNav.js  (0ms)  (pid 46328)
Compiled jsuri.js  (0ms)  (pid 46328)
Compiled spree.js  (369ms)  (pid 46328)
Compiled admin/address_states.js  (0ms)  (pid 46328)
Compiled handlebars.js  (0ms)  (pid 46328)
Compiled admin/handlebar_extensions.js  (13ms)  (pid 46328)
Compiled admin/variant_autocomplete.js  (7ms)  (pid 46328)
Compiled admin/taxon_autocomplete.js  (1ms)  (pid 46328)
Compiled admin/option_type_autocomplete.js  (1ms)  (pid 46328)
Compiled select2.js  (1ms)  (pid 46328)
Compiled admin/spree-select2.js  (13ms)  (pid 46328)
Compiled admin/user_picker.js  (0ms)  (pid 46328)
Compiled admin/product_picker.js  (0ms)  (pid 46328)
Compiled admin/admin.js  (161ms)  (pid 46328)
Compiled admin/calculator.js  (0ms)  (pid 46328)
Compiled admin/checkouts/edit.js  (0ms)  (pid 46328)
Compiled admin/gateway.js  (0ms)  (pid 46328)
Compiled admin/image_settings.js  (2ms)  (pid 46328)
Compiled admin/images/index.js  (12ms)  (pid 46328)
Compiled admin/images/new.js  (4ms)  (pid 46328)
Compiled admin/nested-attribute.js  (0ms)  (pid 46328)
Compiled admin/orders/edit.js  (0ms)  (pid 46328)
Compiled admin/orders/edit_form.js  (0ms)  (pid 46328)
Compiled admin/payments/new.js  (0ms)  (pid 46328)
Compiled admin/progress.js  (25ms)  (pid 46328)
Compiled admin/promotions.js  (0ms)  (pid 46328)
Compiled admin/shipments.js  (2ms)  (pid 46328)
Compiled admin/states.js  (0ms)  (pid 46328)
Compiled admin/stock_management.js  (10ms)  (pid 46328)
Compiled admin/stock_transfer.js  (94ms)  (pid 46328)
Compiled admin/taxon_tree_menu.js  (15ms)  (pid 46328)
Compiled admin/taxonomy.js  (49ms)  (pid 46328)
Compiled admin/underscore-min.js  (0ms)  (pid 46328)
Compiled admin/zone.js  (18ms)  (pid 46328)
Compiled admin/spree_backend.js  (1404ms)  (pid 46328)
Compiled admin/common.js  (0ms)  (pid 46328)
Compiled admin/dashboard.js  (0ms)  (pid 46328)
Compiled admin/edit-preview.js  (0ms)  (pid 46328)
Compiled admin/shortcut.js  (0ms)  (pid 46328)
Compiled admin/all.js  (1454ms)  (pid 46328)
Compiled admin.js  (1622ms)  (pid 46328)
Compiled jquery-1.10.2.min.js  (0ms)  (pid 46328)
Compiled common.js  (0ms)  (pid 46328)
Compiled live-comment-preview.js  (0ms)  (pid 46328)
Compiled jquery.fancybox.pack.js  (0ms)  (pid 46328)
Compiled application.js  (33ms)  (pid 46328)
Compiled conversation.js  (1ms)  (pid 46328)
Compiled jquery.fancybox-buttons.js  (0ms)  (pid 46328)
Compiled jquery.fancybox-media.js  (0ms)  (pid 46328)
Compiled jquery.fancybox-thumbs.js  (0ms)  (pid 46328)
Compiled jquery.fancybox.js  (0ms)  (pid 46328)
Compiled jquery.mousewheel-3.0.6.pack.js  (0ms)  (pid 46328)
Compiled modernizr.custom.js  (0ms)  (pid 46328)
Compiled jquery.validate/jquery.validate.min.js  (0ms)  (pid 46328)
Compiled store/checkout.js  (57ms)  (pid 46328)
Compiled store/product.js  (33ms)  (pid 46328)
Compiled store/cart.js  (11ms)  (pid 46328)
Compiled store/spree_frontend.js  (133ms)  (pid 46328)
Compiled store/all.js  (148ms)  (pid 46328)
Compiled tools.js  (1ms)  (pid 46328)
Compiled formtastic.css  (0ms)  (pid 46328)
Compiled humanmsg.css  (0ms)  (pid 46328)
Compiled admin.css  (15ms)  (pid 46328)
Compiled application.css  (0ms)  (pid 46328)
Compiled conversation.css  (488ms)  (pid 46328)
Compiled jquery.fancybox-buttons.css  (0ms)  (pid 46328)
Compiled jquery.fancybox-thumbs.css  (0ms)  (pid 46328)
Compiled jquery.fancybox.css  (0ms)  (pid 46328)
Compiled login.css  (0ms)  (pid 46328)
Compiled main_style.css  (272ms)  (pid 46328)
Compiled tools.css  (1ms)  (pid 46328)
Compiled jquery.jfeed.js  (0ms)  (pid 46328)
Compiled admin/spree_auth.js  (2ms)  (pid 46328)
Compiled store/spree_auth.js  (1ms)  (pid 46328)
Compiled jquery.formalize.min.js  (0ms)  (pid 46328)
Compiled jquery.validate/additional-methods.min.js  (0ms)  (pid 46328)
Compiled jquery.validate/localization/messages_ar.js  (0ms)  (pid 46328)
Compiled jquery.validate/localization/messages_bg.js  (0ms)  (pid 46328)
Compiled jquery.validate/localization/messages_ca.js  (0ms)  (pid 46328)
Compiled jquery.validate/localization/messages_cn.js  (0ms)  (pid 46328)
Compiled jquery.validate/localization/messages_cs.js  (0ms)  (pid 46328)
Compiled jquery.validate/localization/messages_da.js  (0ms)  (pid 46328)
Compiled jquery.validate/localization/messages_de.js  (0ms)  (pid 46328)
Compiled jquery.validate/localization/messages_el.js  (0ms)  (pid 46328)
Compiled jquery.validate/localization/messages_es.js  (0ms)  (pid 46328)
Compiled jquery.validate/localization/messages_fa.js  (0ms)  (pid 46328)
Compiled jquery.validate/localization/messages_fi.js  (0ms)  (pid 46328)
Compiled jquery.validate/localization/messages_fr.js  (0ms)  (pid 46328)
Compiled jquery.validate/localization/messages_ge.js  (0ms)  (pid 46328)
Compiled jquery.validate/localization/messages_he.js  (0ms)  (pid 46328)
Compiled jquery.validate/localization/messages_hu.js  (0ms)  (pid 46328)
Compiled jquery.validate/localization/messages_it.js  (0ms)  (pid 46328)
Compiled jquery.validate/localization/messages_ja.js  (0ms)  (pid 46328)
Compiled jquery.validate/localization/messages_kk.js  (0ms)  (pid 46328)
Compiled jquery.validate/localization/messages_lt.js  (0ms)  (pid 46328)
Compiled jquery.validate/localization/messages_lv.js  (0ms)  (pid 46328)
Compiled jquery.validate/localization/messages_nl.js  (0ms)  (pid 46328)
Compiled jquery.validate/localization/messages_no.js  (0ms)  (pid 46328)
Compiled jquery.validate/localization/messages_pl.js  (0ms)  (pid 46328)
Compiled jquery.validate/localization/messages_ptbr.js  (0ms)  (pid 46328)
Compiled jquery.validate/localization/messages_ptpt.js  (0ms)  (pid 46328)
Compiled jquery.validate/localization/messages_ro.js  (0ms)  (pid 46328)
Compiled jquery.validate/localization/messages_ru.js  (0ms)  (pid 46328)
Compiled jquery.validate/localization/messages_se.js  (0ms)  (pid 46328)
Compiled jquery.validate/localization/messages_si.js  (0ms)  (pid 46328)
Compiled jquery.validate/localization/messages_sk.js  (0ms)  (pid 46328)
Compiled jquery.validate/localization/messages_sr.js  (0ms)  (pid 46328)
Compiled jquery.validate/localization/messages_th.js  (0ms)  (pid 46328)
Compiled jquery.validate/localization/messages_tr.js  (0ms)  (pid 46328)
Compiled jquery.validate/localization/messages_tw.js  (0ms)  (pid 46328)
Compiled jquery.validate/localization/messages_ua.js  (0ms)  (pid 46328)
Compiled jquery.validate/localization/messages_vi.js  (0ms)  (pid 46328)
Compiled jquery.validate/localization/methods_de.js  (0ms)  (pid 46328)
Compiled jquery.validate/localization/methods_nl.js  (0ms)  (pid 46328)
Compiled jquery.validate/localization/methods_pt.js  (0ms)  (pid 46328)
Compiled store/backend.js  (0ms)  (pid 46328)
Compiled jquery.jstree/themes/apple/style.css  (0ms)  (pid 46328)
Compiled jquery-ui.min.js  (58ms)  (pid 46328)
Compiled jquery.min.js  (0ms)  (pid 46328)
Connecting to database specified by database.yml
OpenIdAuthentication.store is nil. Using in-memory store.
Creating scope :page. Overwriting existing method Spree::LineItem.page.
Creating scope :page. Overwriting existing method Spree::OptionValue.page.
Creating scope :page. Overwriting existing method Spree::Order.page.
Creating scope :page. Overwriting existing method Spree::User.page.
Creating scope :page. Overwriting existing method Spree::Role.page.
Creating scope :page. Overwriting existing method Spree::Asset.page.
Creating scope :page. Overwriting existing method User.page.
Creating scope :page. Overwriting existing method Spree::PromotionRule.page.
Compiled jquery.js  (1ms)  (pid 46328)
Compiled jquery_ujs.js  (0ms)  (pid 46328)
Compiled jquery.livequery.js  (0ms)  (pid 46328)
Compiled jquery.form.js  (0ms)  (pid 46328)
Compiled jquery.easing.1.3.js  (0ms)  (pid 46328)
Compiled humanmsg.js  (0ms)  (pid 46328)
Compiled admin/actions.js  (0ms)  (pid 46328)
Compiled jquery-migrate-1.0.0.js  (0ms)  (pid 46328)
Compiled jquery-ui.js  (7ms)  (pid 46328)
Compiled modernizr.js  (0ms)  (pid 46328)
Compiled jquery.cookie.js  (0ms)  (pid 46328)
Compiled jquery.delayedobserver.js  (0ms)  (pid 46328)
Compiled jquery.jstree/jquery.jstree.js  (3ms)  (pid 46328)
Compiled jquery.alerts/jquery.alerts.js  (0ms)  (pid 46328)
Compiled jquery.powertip.js  (60ms)  (pid 46328)
Compiled jquery.vAlign.js  (0ms)  (pid 46328)
Compiled css_browser_selector_dev.js  (0ms)  (pid 46328)
Compiled spin.js  (0ms)  (pid 46328)
Compiled trunk8.js  (0ms)  (pid 46328)
Compiled jquery.adaptivemenu.js  (0ms)  (pid 46328)
Compiled equalize.js  (0ms)  (pid 46328)
Compiled responsive-tables.js  (0ms)  (pid 46328)
Compiled jquery.horizontalNav.js  (0ms)  (pid 46328)
Compiled jsuri.js  (0ms)  (pid 46328)
Compiled spree.js  (94ms)  (pid 46328)
Compiled admin/address_states.js  (0ms)  (pid 46328)
Compiled handlebars.js  (0ms)  (pid 46328)
Compiled admin/handlebar_extensions.js  (11ms)  (pid 46328)
Compiled admin/variant_autocomplete.js  (61ms)  (pid 46328)
Compiled admin/taxon_autocomplete.js  (1ms)  (pid 46328)
Compiled admin/option_type_autocomplete.js  (1ms)  (pid 46328)
Compiled select2.js  (1ms)  (pid 46328)
Compiled admin/spree-select2.js  (15ms)  (pid 46328)
Compiled admin/user_picker.js  (0ms)  (pid 46328)
Compiled admin/product_picker.js  (0ms)  (pid 46328)
Compiled admin/admin.js  (212ms)  (pid 46328)
Compiled admin/calculator.js  (0ms)  (pid 46328)
Compiled admin/checkouts/edit.js  (0ms)  (pid 46328)
Compiled admin/gateway.js  (0ms)  (pid 46328)
Compiled admin/image_settings.js  (2ms)  (pid 46328)
Compiled admin/images/index.js  (9ms)  (pid 46328)
Compiled admin/images/new.js  (4ms)  (pid 46328)
Compiled admin/nested-attribute.js  (0ms)  (pid 46328)
Compiled admin/orders/edit.js  (0ms)  (pid 46328)
Compiled admin/orders/edit_form.js  (0ms)  (pid 46328)
Compiled admin/payments/new.js  (0ms)  (pid 46328)
Compiled admin/progress.js  (15ms)  (pid 46328)
Compiled admin/promotions.js  (0ms)  (pid 46328)
Compiled admin/shipments.js  (2ms)  (pid 46328)
Compiled admin/states.js  (0ms)  (pid 46328)
Compiled admin/stock_management.js  (6ms)  (pid 46328)
Compiled admin/stock_transfer.js  (104ms)  (pid 46328)
Compiled admin/taxon_tree_menu.js  (13ms)  (pid 46328)
Compiled admin/taxonomy.js  (49ms)  (pid 46328)
Compiled admin/underscore-min.js  (0ms)  (pid 46328)
Compiled admin/zone.js  (15ms)  (pid 46328)
Compiled admin/spree_backend.js  (1182ms)  (pid 46328)
Compiled admin/common.js  (0ms)  (pid 46328)
Compiled admin/dashboard.js  (0ms)  (pid 46328)
Compiled admin/edit-preview.js  (0ms)  (pid 46328)
Compiled admin/shortcut.js  (0ms)  (pid 46328)
Compiled admin/all.js  (1285ms)  (pid 46328)
Compiled admin.js  (1412ms)  (pid 46328)
Compiled jquery-1.10.2.min.js  (0ms)  (pid 46328)
Compiled common.js  (0ms)  (pid 46328)
Compiled live-comment-preview.js  (0ms)  (pid 46328)
Compiled jquery.fancybox.pack.js  (0ms)  (pid 46328)
Compiled application.js  (34ms)  (pid 46328)
Compiled conversation.js  (1ms)  (pid 46328)
Compiled jquery.fancybox-buttons.js  (0ms)  (pid 46328)
Compiled jquery.fancybox-media.js  (0ms)  (pid 46328)
Compiled jquery.fancybox-thumbs.js  (0ms)  (pid 46328)
Compiled jquery.fancybox.js  (0ms)  (pid 46328)
Compiled jquery.mousewheel-3.0.6.pack.js  (0ms)  (pid 46328)
Compiled modernizr.custom.js  (0ms)  (pid 46328)
Compiled jquery.validate/jquery.validate.min.js  (0ms)  (pid 46328)
Compiled store/checkout.js  (59ms)  (pid 46328)
Compiled store/product.js  (36ms)  (pid 46328)
Compiled store/cart.js  (5ms)  (pid 46328)
Compiled store/spree_frontend.js  (131ms)  (pid 46328)
Compiled store/all.js  (142ms)  (pid 46328)
Compiled tools.js  (1ms)  (pid 46328)
Compiled formtastic.css  (0ms)  (pid 46328)
Compiled humanmsg.css  (0ms)  (pid 46328)
Compiled admin.css  (17ms)  (pid 46328)
Compiled application.css  (0ms)  (pid 46328)
Compiled conversation.css  (10ms)  (pid 46328)
Compiled jquery.fancybox-buttons.css  (0ms)  (pid 46328)
Compiled jquery.fancybox-thumbs.css  (0ms)  (pid 46328)
Compiled jquery.fancybox.css  (0ms)  (pid 46328)
Compiled login.css  (0ms)  (pid 46328)
Compiled main_style.css  (174ms)  (pid 46328)
Compiled tools.css  (2ms)  (pid 46328)
Compiled jquery.jfeed.js  (0ms)  (pid 46328)
Compiled admin/spree_auth.js  (3ms)  (pid 46328)
Compiled store/spree_auth.js  (1ms)  (pid 46328)
Compiled jquery.formalize.min.js  (0ms)  (pid 46328)
Compiled jquery.validate/additional-methods.min.js  (0ms)  (pid 46328)
Compiled jquery.validate/localization/messages_ar.js  (0ms)  (pid 46328)
Compiled jquery.validate/localization/messages_bg.js  (0ms)  (pid 46328)
Compiled jquery.validate/localization/messages_ca.js  (0ms)  (pid 46328)
Compiled jquery.validate/localization/messages_cn.js  (0ms)  (pid 46328)
Compiled jquery.validate/localization/messages_cs.js  (0ms)  (pid 46328)
Compiled jquery.validate/localization/messages_da.js  (0ms)  (pid 46328)
Compiled jquery.validate/localization/messages_de.js  (0ms)  (pid 46328)
Compiled jquery.validate/localization/messages_el.js  (0ms)  (pid 46328)
Compiled jquery.validate/localization/messages_es.js  (0ms)  (pid 46328)
Compiled jquery.validate/localization/messages_fa.js  (0ms)  (pid 46328)
Compiled jquery.validate/localization/messages_fi.js  (0ms)  (pid 46328)
Compiled jquery.validate/localization/messages_fr.js  (0ms)  (pid 46328)
Compiled jquery.validate/localization/messages_ge.js  (0ms)  (pid 46328)
Compiled jquery.validate/localization/messages_he.js  (0ms)  (pid 46328)
Compiled jquery.validate/localization/messages_hu.js  (0ms)  (pid 46328)
Compiled jquery.validate/localization/messages_it.js  (0ms)  (pid 46328)
Compiled jquery.validate/localization/messages_ja.js  (0ms)  (pid 46328)
Compiled jquery.validate/localization/messages_kk.js  (0ms)  (pid 46328)
Compiled jquery.validate/localization/messages_lt.js  (0ms)  (pid 46328)
Compiled jquery.validate/localization/messages_lv.js  (0ms)  (pid 46328)
Compiled jquery.validate/localization/messages_nl.js  (0ms)  (pid 46328)
Compiled jquery.validate/localization/messages_no.js  (0ms)  (pid 46328)
Compiled jquery.validate/localization/messages_pl.js  (0ms)  (pid 46328)
Compiled jquery.validate/localization/messages_ptbr.js  (0ms)  (pid 46328)
Compiled jquery.validate/localization/messages_ptpt.js  (0ms)  (pid 46328)
Compiled jquery.validate/localization/messages_ro.js  (0ms)  (pid 46328)
Compiled jquery.validate/localization/messages_ru.js  (0ms)  (pid 46328)
Compiled jquery.validate/localization/messages_se.js  (0ms)  (pid 46328)
Compiled jquery.validate/localization/messages_si.js  (0ms)  (pid 46328)
Compiled jquery.validate/localization/messages_sk.js  (0ms)  (pid 46328)
Compiled jquery.validate/localization/messages_sr.js  (0ms)  (pid 46328)
Compiled jquery.validate/localization/messages_th.js  (0ms)  (pid 46328)
Compiled jquery.validate/localization/messages_tr.js  (0ms)  (pid 46328)
Compiled jquery.validate/localization/messages_tw.js  (0ms)  (pid 46328)
Compiled jquery.validate/localization/messages_ua.js  (0ms)  (pid 46328)
Compiled jquery.validate/localization/messages_vi.js  (0ms)  (pid 46328)
Compiled jquery.validate/localization/methods_de.js  (0ms)  (pid 46328)
Compiled jquery.validate/localization/methods_nl.js  (0ms)  (pid 46328)
Compiled jquery.validate/localization/methods_pt.js  (0ms)  (pid 46328)
Compiled store/backend.js  (0ms)  (pid 46328)
Compiled jquery.jstree/themes/apple/style.css  (0ms)  (pid 46328)
Compiled jquery-ui.min.js  (2ms)  (pid 46328)
Compiled jquery.min.js  (1ms)  (pid 46328)
Compiled coffee-script.js  (2ms)  (pid 46328)
